>> Writing PID to tmp/pids/thin.pid
>> Using rails adapter
>> Exiting!
/Users/hoahm/.rvm/gems/ruby-2.1.1@silicon-store/gems/activesupport-4.1.0/lib/active_support/dependencies.rb:247:in `require': cannot load such file -- dispatcher (LoadError)
	from /Users/hoahm/.rvm/gems/ruby-2.1.1@silicon-store/gems/activesupport-4.1.0/lib/active_support/dependencies.rb:247:in `block in require'
	from /Users/hoahm/.rvm/gems/ruby-2.1.1@silicon-store/gems/activesupport-4.1.0/lib/active_support/dependencies.rb:232:in `load_dependency'
	from /Users/hoahm/.rvm/gems/ruby-2.1.1@silicon-store/gems/activesupport-4.1.0/lib/active_support/dependencies.rb:247:in `require'
	from /Users/hoahm/.rvm/gems/ruby-2.1.1@silicon-store/gems/thin-1.5.1/lib/rack/adapter/rails.rb:38:in `load_application'
	from /Users/hoahm/.rvm/gems/ruby-2.1.1@silicon-store/gems/thin-1.5.1/lib/rack/adapter/rails.rb:23:in `initialize'
	from /Users/hoahm/.rvm/gems/ruby-2.1.1@silicon-store/gems/thin-1.5.1/lib/rack/adapter/loader.rb:45:in `new'
	from /Users/hoahm/.rvm/gems/ruby-2.1.1@silicon-store/gems/thin-1.5.1/lib/rack/adapter/loader.rb:45:in `for'
	from /Users/hoahm/.rvm/gems/ruby-2.1.1@silicon-store/gems/thin-1.5.1/lib/thin/controllers/controller.rb:169:in `load_adapter'
	from /Users/hoahm/.rvm/gems/ruby-2.1.1@silicon-store/gems/thin-1.5.1/lib/thin/controllers/controller.rb:73:in `start'
	from /Users/hoahm/.rvm/gems/ruby-2.1.1@silicon-store/gems/thin-1.5.1/lib/thin/runner.rb:187:in `run_command'
	from /Users/hoahm/.rvm/gems/ruby-2.1.1@silicon-store/gems/thin-1.5.1/lib/thin/runner.rb:152:in `run!'
	from /Users/hoahm/.rvm/gems/ruby-2.1.1@silicon-store/gems/thin-1.5.1/bin/thin:6:in `<top (required)>'
	from /Users/hoahm/.rvm/gems/ruby-2.1.1@silicon-store/bin/thin:23:in `load'
	from /Users/hoahm/.rvm/gems/ruby-2.1.1@silicon-store/bin/thin:23:in `<main>'
	from /Users/hoahm/.rvm/gems/ruby-2.1.1@silicon-store/bin/ruby_executable_hooks:15:in `eval'
	from /Users/hoahm/.rvm/gems/ruby-2.1.1@silicon-store/bin/ruby_executable_hooks:15:in `<main>'
